{"/Users/Chris/hack-reactor/BOC/boc-server/db/connection.js": {"path":"/Users/Chris/hack-reactor/BOC/boc-server/db/connection.js","statementMap":{"0":{"start":{"line":1,"column":17},"end":{"line":1,"column":36}},"1":{"start":{"line":2,"column":0},"end":{"line":2,"column":57}},"2":{"start":{"line":4,"column":0},"end":{"line":4,"column":38}},"3":{"start":{"line":4,"column":20},"end":{"line":4,"column":36}},"4":{"start":{"line":7,"column":2},"end":{"line":7,"column":111}},"5":{"start":{"line":11,"column":19},"end":{"line":15,"column":2}},"6":{"start":{"line":17,"column":13},"end":{"line":17,"column":47}},"7":{"start":{"line":19,"column":21},"end":{"line":24,"column":2}},"8":{"start":{"line":26,"column":15},"end":{"line":26,"column":53}},"9":{"start":{"line":28,"column":20},"end":{"line":36,"column":2}},"10":{"start":{"line":38,"column":14},"end":{"line":38,"column":50}},"11":{"start":{"line":40,"column":21},"end":{"line":48,"column":2}},"12":{"start":{"line":50,"column":15},"end":{"line":50,"column":53}},"13":{"start":{"line":52,"column":24},"end":{"line":55,"column":2}},"14":{"start":{"line":57,"column":18},"end":{"line":57,"column":62}},"15":{"start":{"line":59,"column":0},"end":{"line":61,"column":2}}},"fnMap":{"0":{"name":"(anonymous_0)","decl":{"start":{"line":4,"column":13},"end":{"line":4,"column":14}},"loc":{"start":{"line":4,"column":20},"end":{"line":4,"column":36}},"line":4},"1":{"name":"main","decl":{"start":{"line":6,"column":15},"end":{"line":6,"column":19}},"loc":{"start":{"line":6,"column":22},"end":{"line":9,"column":1}},"line":6}},"branchMap":{},"s":{"0":1,"1":1,"2":1,"3":0,"4":1,"5":1,"6":1,"7":1,"8":1,"9":1,"10":1,"11":1,"12":1,"13":1,"14":1,"15":1},"f":{"0":0,"1":1},"b":{},"_coverageSchema":"1a1c01bbd47fc00a2c39e90264f33305004495a9","hash":"862a10783d5d5ce8bc912ef8efddb8b887e03894"}
,"/Users/Chris/hack-reactor/BOC/boc-server/server/controllers.js": {"path":"/Users/Chris/hack-reactor/BOC/boc-server/server/controllers.js","statementMap":{"0":{"start":{"line":4,"column":4},"end":{"line":4,"column":23}},"1":{"start":{"line":6,"column":0},"end":{"line":28,"column":1}},"2":{"start":{"line":8,"column":17},"end":{"line":8,"column":47}},"3":{"start":{"line":9,"column":4},"end":{"line":9,"column":31}},"4":{"start":{"line":15,"column":22},"end":{"line":15,"column":31}},"5":{"start":{"line":16,"column":17},"end":{"line":16,"column":51}},"6":{"start":{"line":17,"column":4},"end":{"line":17,"column":31}}},"fnMap":{"0":{"name":"(anonymous_0)","decl":{"start":{"line":7,"column":19},"end":{"line":7,"column":20}},"loc":{"start":{"line":7,"column":39},"end":{"line":10,"column":3}},"line":7},"1":{"name":"(anonymous_1)","decl":{"start":{"line":11,"column":19},"end":{"line":11,"column":20}},"loc":{"start":{"line":11,"column":33},"end":{"line":13,"column":3}},"line":11},"2":{"name":"(anonymous_2)","decl":{"start":{"line":14,"column":19},"end":{"line":14,"column":20}},"loc":{"start":{"line":14,"column":39},"end":{"line":18,"column":3}},"line":14},"3":{"name":"(anonymous_3)","decl":{"start":{"line":19,"column":20},"end":{"line":19,"column":21}},"loc":{"start":{"line":19,"column":34},"end":{"line":21,"column":3}},"line":19},"4":{"name":"(anonymous_4)","decl":{"start":{"line":22,"column":18},"end":{"line":22,"column":19}},"loc":{"start":{"line":22,"column":32},"end":{"line":24,"column":3}},"line":22},"5":{"name":"(anonymous_5)","decl":{"start":{"line":25,"column":18},"end":{"line":25,"column":19}},"loc":{"start":{"line":25,"column":32},"end":{"line":27,"column":3}},"line":25}},"branchMap":{},"s":{"0":1,"1":1,"2":1,"3":1,"4":0,"5":0,"6":0},"f":{"0":1,"1":0,"2":0,"3":0,"4":0,"5":0},"b":{},"_coverageSchema":"1a1c01bbd47fc00a2c39e90264f33305004495a9","hash":"489c5e9b9fe497882ec89002b0aac09612040b4e"}
,"/Users/Chris/hack-reactor/BOC/boc-server/server/models.js": {"path":"/Users/Chris/hack-reactor/BOC/boc-server/server/models.js","statementMap":{"0":{"start":{"line":1,"column":30},"end":{"line":1,"column":57}},"1":{"start":{"line":7,"column":4},"end":{"line":7,"column":40}},"2":{"start":{"line":9,"column":32},"end":{"line":13,"column":1}},"3":{"start":{"line":10,"column":22},"end":{"line":10,"column":64}},"4":{"start":{"line":11,"column":2},"end":{"line":11,"column":30}},"5":{"start":{"line":15,"column":0},"end":{"line":46,"column":1}},"6":{"start":{"line":17,"column":26},"end":{"line":17,"column":61}},"7":{"start":{"line":19,"column":4},"end":{"line":22,"column":5}},"8":{"start":{"line":21,"column":6},"end":{"line":21,"column":27}},"9":{"start":{"line":25,"column":19},"end":{"line":25,"column":46}},"10":{"start":{"line":27,"column":4},"end":{"line":38,"column":7}},"11":{"start":{"line":28,"column":6},"end":{"line":28,"column":27}},"12":{"start":{"line":29,"column":6},"end":{"line":29,"column":43}},"13":{"start":{"line":31,"column":21},"end":{"line":31,"column":37}},"14":{"start":{"line":33,"column":6},"end":{"line":37,"column":7}},"15":{"start":{"line":34,"column":8},"end":{"line":34,"column":30}},"16":{"start":{"line":36,"column":8},"end":{"line":36,"column":27}},"17":{"start":{"line":40,"column":4},"end":{"line":40,"column":18}},"18":{"start":{"line":43,"column":22},"end":{"line":43,"column":46}},"19":{"start":{"line":44,"column":4},"end":{"line":44,"column":21}},"20":{"start":{"line":48,"column":0},"end":{"line":48,"column":39}}},"fnMap":{"0":{"name":"(anonymous_0)","decl":{"start":{"line":9,"column":32},"end":{"line":9,"column":33}},"loc":{"start":{"line":9,"column":49},"end":{"line":13,"column":1}},"line":9},"1":{"name":"(anonymous_1)","decl":{"start":{"line":16,"column":26},"end":{"line":16,"column":27}},"loc":{"start":{"line":16,"column":38},"end":{"line":41,"column":3}},"line":16},"2":{"name":"(anonymous_2)","decl":{"start":{"line":27,"column":19},"end":{"line":27,"column":20}},"loc":{"start":{"line":27,"column":36},"end":{"line":38,"column":5}},"line":27},"3":{"name":"(anonymous_3)","decl":{"start":{"line":42,"column":25},"end":{"line":42,"column":26}},"loc":{"start":{"line":42,"column":42},"end":{"line":45,"column":3}},"line":42}},"branchMap":{"0":{"loc":{"start":{"line":19,"column":4},"end":{"line":22,"column":5}},"type":"if","locations":[{"start":{"line":19,"column":4},"end":{"line":22,"column":5}},{"start":{},"end":{}}],"line":19}},"s":{"0":1,"1":1,"2":1,"3":0,"4":0,"5":1,"6":2,"7":2,"8":2,"9":0,"10":0,"11":0,"12":0,"13":0,"14":0,"15":0,"16":0,"17":0,"18":0,"19":0,"20":1},"f":{"0":0,"1":2,"2":0,"3":0},"b":{"0":[2,0]},"_coverageSchema":"1a1c01bbd47fc00a2c39e90264f33305004495a9","hash":"1013deaf793850cbbd498a90292879ee512c888f"}
,"/Users/Chris/hack-reactor/BOC/boc-server/server/routes.js": {"path":"/Users/Chris/hack-reactor/BOC/boc-server/server/routes.js","statementMap":{"0":{"start":{"line":1,"column":16},"end":{"line":1,"column":34}},"1":{"start":{"line":2,"column":15},"end":{"line":2,"column":31}},"2":{"start":{"line":3,"column":13},"end":{"line":3,"column":28}},"3":{"start":{"line":4,"column":20},"end":{"line":4,"column":47}},"4":{"start":{"line":7,"column":0},"end":{"line":9,"column":3}},"5":{"start":{"line":8,"column":2},"end":{"line":8,"column":26}},"6":{"start":{"line":11,"column":0},"end":{"line":11,"column":53}},"7":{"start":{"line":13,"column":0},"end":{"line":13,"column":62}},"8":{"start":{"line":17,"column":0},"end":{"line":17,"column":59}},"9":{"start":{"line":20,"column":0},"end":{"line":20,"column":61}},"10":{"start":{"line":23,"column":0},"end":{"line":23,"column":62}},"11":{"start":{"line":30,"column":0},"end":{"line":30,"column":24}}},"fnMap":{"0":{"name":"(anonymous_0)","decl":{"start":{"line":7,"column":16},"end":{"line":7,"column":17}},"loc":{"start":{"line":7,"column":36},"end":{"line":9,"column":1}},"line":7}},"branchMap":{},"s":{"0":1,"1":1,"2":1,"3":1,"4":1,"5":1,"6":1,"7":1,"8":1,"9":1,"10":1,"11":1},"f":{"0":1},"b":{},"_coverageSchema":"1a1c01bbd47fc00a2c39e90264f33305004495a9","hash":"3299a3c35142760724890dfcc3204cdcfcc368ad"}
,"/Users/Chris/hack-reactor/BOC/boc-server/server/server.js": {"path":"/Users/Chris/hack-reactor/BOC/boc-server/server/server.js","statementMap":{"0":{"start":{"line":1,"column":0},"end":{"line":1,"column":26}},"1":{"start":{"line":3,"column":16},"end":{"line":3,"column":34}},"2":{"start":{"line":4,"column":12},"end":{"line":4,"column":21}},"3":{"start":{"line":5,"column":13},"end":{"line":5,"column":37}},"4":{"start":{"line":7,"column":15},"end":{"line":7,"column":34}},"5":{"start":{"line":9,"column":0},"end":{"line":9,"column":24}},"6":{"start":{"line":10,"column":0},"end":{"line":10,"column":48}},"7":{"start":{"line":11,"column":0},"end":{"line":11,"column":21}},"8":{"start":{"line":13,"column":15},"end":{"line":15,"column":2}},"9":{"start":{"line":14,"column":2},"end":{"line":14,"column":49}},"10":{"start":{"line":17,"column":0},"end":{"line":20,"column":2}}},"fnMap":{"0":{"name":"(anonymous_0)","decl":{"start":{"line":13,"column":32},"end":{"line":13,"column":33}},"loc":{"start":{"line":13,"column":38},"end":{"line":15,"column":1}},"line":13}},"branchMap":{"0":{"loc":{"start":{"line":5,"column":13},"end":{"line":5,"column":37}},"type":"binary-expr","locations":[{"start":{"line":5,"column":13},"end":{"line":5,"column":29}},{"start":{"line":5,"column":33},"end":{"line":5,"column":37}}],"line":5}},"s":{"0":1,"1":1,"2":1,"3":1,"4":1,"5":1,"6":1,"7":1,"8":1,"9":1,"10":1},"f":{"0":1},"b":{"0":[1,0]},"_coverageSchema":"1a1c01bbd47fc00a2c39e90264f33305004495a9","hash":"264f02906872df9b7dce9cae86af4d78e6142dac"}
,"/Users/Chris/hack-reactor/BOC/boc-server/server/apiHelpers/movieHelpers.js": {"path":"/Users/Chris/hack-reactor/BOC/boc-server/server/apiHelpers/movieHelpers.js","statementMap":{"0":{"start":{"line":1,"column":0},"end":{"line":1,"column":60}},"1":{"start":{"line":3,"column":14},"end":{"line":3,"column":30}},"2":{"start":{"line":5,"column":0},"end":{"line":71,"column":2}},"3":{"start":{"line":7,"column":16},"end":{"line":7,"column":146}},"4":{"start":{"line":9,"column":4},"end":{"line":15,"column":5}},"5":{"start":{"line":10,"column":23},"end":{"line":10,"column":43}},"6":{"start":{"line":12,"column":6},"end":{"line":12,"column":18}},"7":{"start":{"line":14,"column":6},"end":{"line":14,"column":25}},"8":{"start":{"line":18,"column":16},"end":{"line":18,"column":109}},"9":{"start":{"line":20,"column":4},"end":{"line":32,"column":5}},"10":{"start":{"line":21,"column":23},"end":{"line":21,"column":43}},"11":{"start":{"line":23,"column":27},"end":{"line":26,"column":7}},"12":{"start":{"line":28,"column":6},"end":{"line":28,"column":28}},"13":{"start":{"line":31,"column":6},"end":{"line":31,"column":25}},"14":{"start":{"line":35,"column":16},"end":{"line":35,"column":131}},"15":{"start":{"line":37,"column":4},"end":{"line":42,"column":5}},"16":{"start":{"line":38,"column":23},"end":{"line":38,"column":43}},"17":{"start":{"line":39,"column":6},"end":{"line":39,"column":18}},"18":{"start":{"line":41,"column":6},"end":{"line":41,"column":25}},"19":{"start":{"line":45,"column":16},"end":{"line":45,"column":112}},"20":{"start":{"line":47,"column":4},"end":{"line":69,"column":5}},"21":{"start":{"line":48,"column":23},"end":{"line":48,"column":43}},"22":{"start":{"line":50,"column":25},"end":{"line":63,"column":47}},"23":{"start":{"line":52,"column":10},"end":{"line":62,"column":11}},"24":{"start":{"line":53,"column":12},"end":{"line":61,"column":13}},"25":{"start":{"line":63,"column":27},"end":{"line":63,"column":46}},"26":{"start":{"line":65,"column":6},"end":{"line":65,"column":26}},"27":{"start":{"line":68,"column":6},"end":{"line":68,"column":25}},"28":{"start":{"line":73,"column":0},"end":{"line":73,"column":35}}},"fnMap":{"0":{"name":"(anonymous_0)","decl":{"start":{"line":6,"column":15},"end":{"line":6,"column":16}},"loc":{"start":{"line":6,"column":32},"end":{"line":16,"column":3}},"line":6},"1":{"name":"(anonymous_1)","decl":{"start":{"line":17,"column":24},"end":{"line":17,"column":25}},"loc":{"start":{"line":17,"column":43},"end":{"line":33,"column":3}},"line":17},"2":{"name":"(anonymous_2)","decl":{"start":{"line":34,"column":30},"end":{"line":34,"column":31}},"loc":{"start":{"line":34,"column":48},"end":{"line":43,"column":3}},"line":34},"3":{"name":"(anonymous_3)","decl":{"start":{"line":44,"column":23},"end":{"line":44,"column":24}},"loc":{"start":{"line":44,"column":34},"end":{"line":70,"column":3}},"line":44},"4":{"name":"(anonymous_4)","decl":{"start":{"line":51,"column":13},"end":{"line":51,"column":14}},"loc":{"start":{"line":51,"column":27},"end":{"line":63,"column":9}},"line":51},"5":{"name":"(anonymous_5)","decl":{"start":{"line":63,"column":18},"end":{"line":63,"column":19}},"loc":{"start":{"line":63,"column":27},"end":{"line":63,"column":46}},"line":63}},"branchMap":{"0":{"loc":{"start":{"line":52,"column":10},"end":{"line":62,"column":11}},"type":"if","locations":[{"start":{"line":52,"column":10},"end":{"line":62,"column":11}},{"start":{},"end":{}}],"line":52}},"s":{"0":1,"1":1,"2":1,"3":1,"4":1,"5":1,"6":1,"7":0,"8":0,"9":0,"10":0,"11":0,"12":0,"13":0,"14":0,"15":0,"16":0,"17":0,"18":0,"19":0,"20":0,"21":0,"22":0,"23":0,"24":0,"25":0,"26":0,"27":0,"28":1},"f":{"0":1,"1":0,"2":0,"3":0,"4":0,"5":0},"b":{"0":[0,0]},"_coverageSchema":"1a1c01bbd47fc00a2c39e90264f33305004495a9","hash":"a6904f88cae318f842fa7fa189f2586e5ff55e59"}
,"/Users/Chris/hack-reactor/BOC/boc-server/test/testData/movieTestData.js": {"path":"/Users/Chris/hack-reactor/BOC/boc-server/test/testData/movieTestData.js","statementMap":{"0":{"start":{"line":1,"column":14},"end":{"line":455,"column":1}},"1":{"start":{"line":457,"column":0},"end":{"line":459,"column":1}}},"fnMap":{},"branchMap":{},"s":{"0":1,"1":1},"f":{},"b":{},"_coverageSchema":"1a1c01bbd47fc00a2c39e90264f33305004495a9","hash":"de2478376531eceb1794fcfdb86fd24860a5f52d"}
}
