{"/Users/chrislazzarini/hackreactor/boc-server/db/connection.js": {"path":"/Users/chrislazzarini/hackreactor/boc-server/db/connection.js","statementMap":{"0":{"start":{"line":1,"column":17},"end":{"line":1,"column":36}},"1":{"start":{"line":2,"column":0},"end":{"line":2,"column":57}},"2":{"start":{"line":4,"column":0},"end":{"line":4,"column":38}},"3":{"start":{"line":4,"column":20},"end":{"line":4,"column":36}},"4":{"start":{"line":7,"column":2},"end":{"line":7,"column":111}},"5":{"start":{"line":11,"column":19},"end":{"line":29,"column":2}},"6":{"start":{"line":47,"column":13},"end":{"line":47,"column":47}},"7":{"start":{"line":49,"column":21},"end":{"line":54,"column":2}},"8":{"start":{"line":56,"column":15},"end":{"line":56,"column":53}},"9":{"start":{"line":58,"column":20},"end":{"line":66,"column":2}},"10":{"start":{"line":68,"column":14},"end":{"line":68,"column":50}},"11":{"start":{"line":70,"column":21},"end":{"line":78,"column":2}},"12":{"start":{"line":80,"column":15},"end":{"line":80,"column":53}},"13":{"start":{"line":82,"column":24},"end":{"line":85,"column":2}},"14":{"start":{"line":87,"column":18},"end":{"line":87,"column":62}},"15":{"start":{"line":89,"column":0},"end":{"line":91,"column":2}}},"fnMap":{"0":{"name":"(anonymous_0)","decl":{"start":{"line":4,"column":13},"end":{"line":4,"column":14}},"loc":{"start":{"line":4,"column":20},"end":{"line":4,"column":36}},"line":4},"1":{"name":"main","decl":{"start":{"line":6,"column":15},"end":{"line":6,"column":19}},"loc":{"start":{"line":6,"column":22},"end":{"line":9,"column":1}},"line":6}},"branchMap":{},"s":{"0":2,"1":2,"2":2,"3":0,"4":2,"5":2,"6":2,"7":2,"8":2,"9":2,"10":2,"11":2,"12":2,"13":2,"14":2,"15":2},"f":{"0":0,"1":2},"b":{},"_coverageSchema":"1a1c01bbd47fc00a2c39e90264f33305004495a9","hash":"58bf053dc02710907b8ac6899304a95bbe920a03"}
,"/Users/chrislazzarini/hackreactor/boc-server/server/controllers.js": {"path":"/Users/chrislazzarini/hackreactor/boc-server/server/controllers.js","statementMap":{"0":{"start":{"line":5,"column":4},"end":{"line":5,"column":23}},"1":{"start":{"line":7,"column":0},"end":{"line":43,"column":1}},"2":{"start":{"line":10,"column":17},"end":{"line":10,"column":47}},"3":{"start":{"line":11,"column":4},"end":{"line":11,"column":31}},"4":{"start":{"line":19,"column":4},"end":{"line":19,"column":47}},"5":{"start":{"line":20,"column":19},"end":{"line":20,"column":36}},"6":{"start":{"line":22,"column":4},"end":{"line":26,"column":39}},"7":{"start":{"line":24,"column":6},"end":{"line":24,"column":33}},"8":{"start":{"line":26,"column":21},"end":{"line":26,"column":37}},"9":{"start":{"line":38,"column":39},"end":{"line":38,"column":48}},"10":{"start":{"line":39,"column":17},"end":{"line":39,"column":61}},"11":{"start":{"line":40,"column":4},"end":{"line":40,"column":31}}},"fnMap":{"0":{"name":"(anonymous_0)","decl":{"start":{"line":9,"column":19},"end":{"line":9,"column":20}},"loc":{"start":{"line":9,"column":39},"end":{"line":12,"column":3}},"line":9},"1":{"name":"(anonymous_1)","decl":{"start":{"line":14,"column":19},"end":{"line":14,"column":20}},"loc":{"start":{"line":14,"column":33},"end":{"line":16,"column":3}},"line":14},"2":{"name":"(anonymous_2)","decl":{"start":{"line":18,"column":18},"end":{"line":18,"column":19}},"loc":{"start":{"line":18,"column":32},"end":{"line":27,"column":3}},"line":18},"3":{"name":"(anonymous_3)","decl":{"start":{"line":23,"column":10},"end":{"line":23,"column":11}},"loc":{"start":{"line":23,"column":20},"end":{"line":25,"column":5}},"line":23},"4":{"name":"(anonymous_4)","decl":{"start":{"line":26,"column":11},"end":{"line":26,"column":12}},"loc":{"start":{"line":26,"column":20},"end":{"line":26,"column":38}},"line":26},"5":{"name":"(anonymous_5)","decl":{"start":{"line":29,"column":19},"end":{"line":29,"column":20}},"loc":{"start":{"line":29,"column":39},"end":{"line":31,"column":3}},"line":29},"6":{"name":"(anonymous_6)","decl":{"start":{"line":33,"column":20},"end":{"line":33,"column":21}},"loc":{"start":{"line":33,"column":34},"end":{"line":35,"column":3}},"line":33},"7":{"name":"(anonymous_7)","decl":{"start":{"line":37,"column":20},"end":{"line":37,"column":21}},"loc":{"start":{"line":37,"column":40},"end":{"line":41,"column":3}},"line":37}},"branchMap":{},"s":{"0":2,"1":2,"2":1,"3":1,"4":0,"5":0,"6":0,"7":0,"8":0,"9":0,"10":0,"11":0},"f":{"0":1,"1":0,"2":0,"3":0,"4":0,"5":0,"6":0,"7":0},"b":{},"_coverageSchema":"1a1c01bbd47fc00a2c39e90264f33305004495a9","hash":"4f5f4c9dd39efcab0f2300bea465711be4b0fc6f"}
,"/Users/chrislazzarini/hackreactor/boc-server/server/models.js": {"path":"/Users/chrislazzarini/hackreactor/boc-server/server/models.js","statementMap":{"0":{"start":{"line":1,"column":32},"end":{"line":1,"column":59}},"1":{"start":{"line":7,"column":4},"end":{"line":7,"column":40}},"2":{"start":{"line":9,"column":32},"end":{"line":12,"column":1}},"3":{"start":{"line":10,"column":18},"end":{"line":10,"column":60}},"4":{"start":{"line":11,"column":2},"end":{"line":11,"column":30}},"5":{"start":{"line":14,"column":0},"end":{"line":64,"column":1}},"6":{"start":{"line":16,"column":26},"end":{"line":16,"column":61}},"7":{"start":{"line":18,"column":4},"end":{"line":20,"column":5}},"8":{"start":{"line":19,"column":6},"end":{"line":19,"column":27}},"9":{"start":{"line":23,"column":19},"end":{"line":23,"column":46}},"10":{"start":{"line":25,"column":4},"end":{"line":37,"column":8}},"11":{"start":{"line":27,"column":6},"end":{"line":27,"column":27}},"12":{"start":{"line":28,"column":6},"end":{"line":28,"column":43}},"13":{"start":{"line":30,"column":21},"end":{"line":30,"column":37}},"14":{"start":{"line":32,"column":6},"end":{"line":36,"column":7}},"15":{"start":{"line":33,"column":8},"end":{"line":33,"column":30}},"16":{"start":{"line":35,"column":8},"end":{"line":35,"column":27}},"17":{"start":{"line":39,"column":4},"end":{"line":39,"column":18}},"18":{"start":{"line":42,"column":22},"end":{"line":42,"column":46}},"19":{"start":{"line":44,"column":4},"end":{"line":46,"column":5}},"20":{"start":{"line":45,"column":6},"end":{"line":45,"column":23}},"21":{"start":{"line":49,"column":25},"end":{"line":49,"column":49}},"22":{"start":{"line":50,"column":4},"end":{"line":50,"column":41}},"23":{"start":{"line":52,"column":19},"end":{"line":52,"column":42}},"24":{"start":{"line":54,"column":4},"end":{"line":58,"column":5}},"25":{"start":{"line":55,"column":6},"end":{"line":55,"column":28}},"26":{"start":{"line":57,"column":6},"end":{"line":57,"column":25}},"27":{"start":{"line":62,"column":4},"end":{"line":62,"column":49}}},"fnMap":{"0":{"name":"(anonymous_0)","decl":{"start":{"line":9,"column":32},"end":{"line":9,"column":33}},"loc":{"start":{"line":9,"column":49},"end":{"line":12,"column":1}},"line":9},"1":{"name":"(anonymous_1)","decl":{"start":{"line":15,"column":26},"end":{"line":15,"column":27}},"loc":{"start":{"line":15,"column":38},"end":{"line":40,"column":3}},"line":15},"2":{"name":"(anonymous_2)","decl":{"start":{"line":25,"column":33},"end":{"line":25,"column":34}},"loc":{"start":{"line":25,"column":50},"end":{"line":37,"column":5}},"line":25},"3":{"name":"(anonymous_3)","decl":{"start":{"line":41,"column":18},"end":{"line":41,"column":19}},"loc":{"start":{"line":41,"column":35},"end":{"line":59,"column":3}},"line":41},"4":{"name":"(anonymous_4)","decl":{"start":{"line":61,"column":11},"end":{"line":61,"column":12}},"loc":{"start":{"line":61,"column":31},"end":{"line":63,"column":3}},"line":61}},"branchMap":{"0":{"loc":{"start":{"line":18,"column":4},"end":{"line":20,"column":5}},"type":"if","locations":[{"start":{"line":18,"column":4},"end":{"line":20,"column":5}},{"start":{},"end":{}}],"line":18},"1":{"loc":{"start":{"line":44,"column":4},"end":{"line":46,"column":5}},"type":"if","locations":[{"start":{"line":44,"column":4},"end":{"line":46,"column":5}},{"start":{},"end":{}}],"line":44}},"s":{"0":2,"1":2,"2":2,"3":0,"4":0,"5":2,"6":1,"7":1,"8":1,"9":0,"10":0,"11":0,"12":0,"13":0,"14":0,"15":0,"16":0,"17":0,"18":0,"19":0,"20":0,"21":0,"22":0,"23":0,"24":0,"25":0,"26":0,"27":0},"f":{"0":0,"1":1,"2":0,"3":0,"4":0},"b":{"0":[1,0],"1":[0,0]},"_coverageSchema":"1a1c01bbd47fc00a2c39e90264f33305004495a9","hash":"490c5121559051465ef536346a9e66e7e675da06"}
,"/Users/chrislazzarini/hackreactor/boc-server/server/routes.js": {"path":"/Users/chrislazzarini/hackreactor/boc-server/server/routes.js","statementMap":{"0":{"start":{"line":1,"column":16},"end":{"line":1,"column":34}},"1":{"start":{"line":2,"column":15},"end":{"line":2,"column":31}},"2":{"start":{"line":3,"column":13},"end":{"line":3,"column":28}},"3":{"start":{"line":4,"column":20},"end":{"line":4,"column":47}},"4":{"start":{"line":7,"column":0},"end":{"line":9,"column":3}},"5":{"start":{"line":8,"column":2},"end":{"line":8,"column":31}},"6":{"start":{"line":11,"column":0},"end":{"line":11,"column":53}},"7":{"start":{"line":14,"column":0},"end":{"line":14,"column":62}},"8":{"start":{"line":17,"column":0},"end":{"line":17,"column":63}},"9":{"start":{"line":20,"column":0},"end":{"line":20,"column":61}},"10":{"start":{"line":26,"column":0},"end":{"line":26,"column":57}},"11":{"start":{"line":31,"column":0},"end":{"line":31,"column":67}},"12":{"start":{"line":34,"column":0},"end":{"line":34,"column":24}}},"fnMap":{"0":{"name":"(anonymous_0)","decl":{"start":{"line":7,"column":16},"end":{"line":7,"column":17}},"loc":{"start":{"line":7,"column":36},"end":{"line":9,"column":1}},"line":7}},"branchMap":{},"s":{"0":2,"1":2,"2":2,"3":2,"4":2,"5":1,"6":2,"7":2,"8":2,"9":2,"10":2,"11":2,"12":2},"f":{"0":1},"b":{},"_coverageSchema":"1a1c01bbd47fc00a2c39e90264f33305004495a9","hash":"a3ff9811d60fb6ab82864e1e0e8a995775f19127"}
,"/Users/chrislazzarini/hackreactor/boc-server/server/server.js": {"path":"/Users/chrislazzarini/hackreactor/boc-server/server/server.js","statementMap":{"0":{"start":{"line":1,"column":0},"end":{"line":1,"column":26}},"1":{"start":{"line":3,"column":16},"end":{"line":3,"column":34}},"2":{"start":{"line":4,"column":12},"end":{"line":4,"column":21}},"3":{"start":{"line":5,"column":13},"end":{"line":5,"column":37}},"4":{"start":{"line":7,"column":15},"end":{"line":7,"column":34}},"5":{"start":{"line":9,"column":0},"end":{"line":9,"column":24}},"6":{"start":{"line":10,"column":0},"end":{"line":10,"column":48}},"7":{"start":{"line":11,"column":0},"end":{"line":11,"column":21}},"8":{"start":{"line":13,"column":15},"end":{"line":15,"column":2}},"9":{"start":{"line":14,"column":2},"end":{"line":14,"column":49}},"10":{"start":{"line":17,"column":0},"end":{"line":20,"column":2}}},"fnMap":{"0":{"name":"(anonymous_0)","decl":{"start":{"line":13,"column":32},"end":{"line":13,"column":33}},"loc":{"start":{"line":13,"column":38},"end":{"line":15,"column":1}},"line":13}},"branchMap":{"0":{"loc":{"start":{"line":5,"column":13},"end":{"line":5,"column":37}},"type":"binary-expr","locations":[{"start":{"line":5,"column":13},"end":{"line":5,"column":29}},{"start":{"line":5,"column":33},"end":{"line":5,"column":37}}],"line":5}},"s":{"0":2,"1":2,"2":2,"3":2,"4":2,"5":2,"6":2,"7":2,"8":2,"9":2,"10":2},"f":{"0":2},"b":{"0":[2,0]},"_coverageSchema":"1a1c01bbd47fc00a2c39e90264f33305004495a9","hash":"2608d2f31ff008bddac26a7d648616731ddc09eb"}
,"/Users/chrislazzarini/hackreactor/boc-server/server/apiHelpers/movieHelpers.js": {"path":"/Users/chrislazzarini/hackreactor/boc-server/server/apiHelpers/movieHelpers.js","statementMap":{"0":{"start":{"line":1,"column":0},"end":{"line":1,"column":60}},"1":{"start":{"line":3,"column":14},"end":{"line":3,"column":30}},"2":{"start":{"line":5,"column":27},"end":{"line":22,"column":1}},"3":{"start":{"line":6,"column":12},"end":{"line":19,"column":43}},"4":{"start":{"line":8,"column":6},"end":{"line":18,"column":7}},"5":{"start":{"line":9,"column":8},"end":{"line":17,"column":9}},"6":{"start":{"line":19,"column":23},"end":{"line":19,"column":42}},"7":{"start":{"line":21,"column":2},"end":{"line":21,"column":14}},"8":{"start":{"line":24,"column":0},"end":{"line":81,"column":2}},"9":{"start":{"line":26,"column":16},"end":{"line":26,"column":146}},"10":{"start":{"line":28,"column":4},"end":{"line":36,"column":5}},"11":{"start":{"line":29,"column":23},"end":{"line":29,"column":43}},"12":{"start":{"line":31,"column":19},"end":{"line":31,"column":51}},"13":{"start":{"line":32,"column":6},"end":{"line":32,"column":20}},"14":{"start":{"line":35,"column":6},"end":{"line":35,"column":25}},"15":{"start":{"line":39,"column":16},"end":{"line":39,"column":109}},"16":{"start":{"line":41,"column":4},"end":{"line":53,"column":5}},"17":{"start":{"line":42,"column":23},"end":{"line":42,"column":43}},"18":{"start":{"line":44,"column":27},"end":{"line":47,"column":7}},"19":{"start":{"line":49,"column":6},"end":{"line":49,"column":28}},"20":{"start":{"line":52,"column":6},"end":{"line":52,"column":25}},"21":{"start":{"line":56,"column":16},"end":{"line":56,"column":131}},"22":{"start":{"line":58,"column":4},"end":{"line":66,"column":5}},"23":{"start":{"line":59,"column":23},"end":{"line":59,"column":43}},"24":{"start":{"line":61,"column":28},"end":{"line":61,"column":60}},"25":{"start":{"line":62,"column":6},"end":{"line":62,"column":29}},"26":{"start":{"line":65,"column":6},"end":{"line":65,"column":25}},"27":{"start":{"line":69,"column":16},"end":{"line":69,"column":112}},"28":{"start":{"line":71,"column":4},"end":{"line":79,"column":5}},"29":{"start":{"line":72,"column":23},"end":{"line":72,"column":43}},"30":{"start":{"line":74,"column":25},"end":{"line":74,"column":57}},"31":{"start":{"line":75,"column":6},"end":{"line":75,"column":26}},"32":{"start":{"line":78,"column":6},"end":{"line":78,"column":25}},"33":{"start":{"line":83,"column":0},"end":{"line":83,"column":50}}},"fnMap":{"0":{"name":"(anonymous_0)","decl":{"start":{"line":5,"column":27},"end":{"line":5,"column":28}},"loc":{"start":{"line":5,"column":42},"end":{"line":22,"column":1}},"line":5},"1":{"name":"(anonymous_1)","decl":{"start":{"line":7,"column":9},"end":{"line":7,"column":10}},"loc":{"start":{"line":7,"column":23},"end":{"line":19,"column":5}},"line":7},"2":{"name":"(anonymous_2)","decl":{"start":{"line":19,"column":14},"end":{"line":19,"column":15}},"loc":{"start":{"line":19,"column":23},"end":{"line":19,"column":42}},"line":19},"3":{"name":"(anonymous_3)","decl":{"start":{"line":25,"column":15},"end":{"line":25,"column":16}},"loc":{"start":{"line":25,"column":32},"end":{"line":37,"column":3}},"line":25},"4":{"name":"(anonymous_4)","decl":{"start":{"line":38,"column":24},"end":{"line":38,"column":25}},"loc":{"start":{"line":38,"column":43},"end":{"line":54,"column":3}},"line":38},"5":{"name":"(anonymous_5)","decl":{"start":{"line":55,"column":30},"end":{"line":55,"column":31}},"loc":{"start":{"line":55,"column":48},"end":{"line":67,"column":3}},"line":55},"6":{"name":"(anonymous_6)","decl":{"start":{"line":68,"column":23},"end":{"line":68,"column":24}},"loc":{"start":{"line":68,"column":34},"end":{"line":80,"column":3}},"line":68}},"branchMap":{"0":{"loc":{"start":{"line":8,"column":6},"end":{"line":18,"column":7}},"type":"if","locations":[{"start":{"line":8,"column":6},"end":{"line":18,"column":7}},{"start":{},"end":{}}],"line":8}},"s":{"0":2,"1":2,"2":2,"3":1,"4":21,"5":10,"6":21,"7":1,"8":2,"9":0,"10":0,"11":0,"12":0,"13":0,"14":0,"15":0,"16":0,"17":0,"18":0,"19":0,"20":0,"21":2,"22":2,"23":2,"24":1,"25":1,"26":0,"27":0,"28":0,"29":0,"30":0,"31":0,"32":0,"33":2},"f":{"0":1,"1":21,"2":21,"3":0,"4":0,"5":2,"6":0},"b":{"0":[10,11]},"_coverageSchema":"1a1c01bbd47fc00a2c39e90264f33305004495a9","hash":"d0965fe4d2a30f21a2c173ec1bc92af7c145bf6d"}
,"/Users/chrislazzarini/hackreactor/boc-server/test/testData/testData.js": {"path":"/Users/chrislazzarini/hackreactor/boc-server/test/testData/testData.js","statementMap":{"0":{"start":{"line":1,"column":14},"end":{"line":455,"column":1}},"1":{"start":{"line":457,"column":13},"end":{"line":476,"column":2}},"2":{"start":{"line":478,"column":0},"end":{"line":481,"column":1}}},"fnMap":{},"branchMap":{},"s":{"0":1,"1":1,"2":1},"f":{},"b":{},"_coverageSchema":"1a1c01bbd47fc00a2c39e90264f33305004495a9","hash":"ead73bd03277b4b130d978c7e2574f235993409d"}
}
