TN:
SF:db/connection.js
FN:5,(anonymous_0)
FN:7,main
FNF:2
FNH:1
FNDA:0,(anonymous_0)
FNDA:2,main
DA:1,2
DA:3,2
DA:5,2
DA:8,2
DA:11,2
DA:13,2
DA:51,2
DA:53,2
DA:60,2
DA:62,2
DA:77,2
DA:79,2
DA:89,2
DA:91,2
DA:96,2
DA:98,2
LF:16
LH:16
BRF:0
BRH:0
end_of_record
TN:
SF:server/controllers.js
FN:12,(anonymous_0)
FN:21,(anonymous_1)
FN:25,(anonymous_2)
FN:29,(anonymous_3)
FN:32,(anonymous_4)
FN:35,(anonymous_5)
FN:39,(anonymous_6)
FN:43,(anonymous_7)
FN:56,(anonymous_8)
FN:60,(anonymous_9)
FN:67,(anonymous_10)
FN:70,(anonymous_11)
FN:86,(anonymous_12)
FN:89,(anonymous_13)
FN:96,(anonymous_14)
FN:106,(anonymous_15)
FN:113,(anonymous_16)
FNF:17
FNH:2
FNDA:1,(anonymous_0)
FNDA:0,(anonymous_1)
FNDA:0,(anonymous_2)
FNDA:0,(anonymous_3)
FNDA:0,(anonymous_4)
FNDA:0,(anonymous_5)
FNDA:0,(anonymous_6)
FNDA:1,(anonymous_7)
FNDA:0,(anonymous_8)
FNDA:0,(anonymous_9)
FNDA:0,(anonymous_10)
FNDA:0,(anonymous_11)
FNDA:0,(anonymous_12)
FNDA:0,(anonymous_13)
FNDA:0,(anonymous_14)
FNDA:0,(anonymous_15)
FNDA:0,(anonymous_16)
DA:8,2
DA:10,2
DA:13,1
DA:14,1
DA:15,0
DA:17,0
DA:26,0
DA:28,0
DA:30,0
DA:32,0
DA:44,1
DA:45,1
DA:47,1
DA:48,1
DA:50,0
DA:52,0
DA:57,0
DA:59,0
DA:61,0
DA:62,0
DA:64,0
DA:67,0
DA:71,0
DA:72,0
DA:73,0
DA:74,0
DA:77,0
DA:78,0
DA:79,0
DA:81,0
DA:85,0
DA:87,0
DA:90,0
DA:91,0
DA:97,0
DA:98,0
DA:99,0
DA:101,0
DA:102,0
DA:104,0
DA:105,0
DA:107,0
DA:108,0
DA:110,0
DA:114,0
DA:115,0
DA:118,0
LF:47
LH:8
BRDA:61,0,0,0
BRDA:61,0,1,0
BRDA:73,1,0,0
BRDA:73,1,1,0
BRDA:78,2,0,0
BRDA:78,2,1,0
BRDA:104,3,0,0
BRDA:104,3,1,0
BRDA:104,4,0,0
BRDA:104,4,1,0
BRDA:107,5,0,0
BRDA:107,5,1,0
BRF:12
BRH:0
end_of_record
TN:
SF:server/models.js
FN:13,(anonymous_0)
FN:18,(anonymous_1)
FN:24,(anonymous_2)
FN:40,(anonymous_3)
FN:57,(anonymous_4)
FN:79,(anonymous_5)
FN:100,(anonymous_6)
FN:104,(anonymous_7)
FN:115,(anonymous_8)
FN:131,(anonymous_9)
FN:138,(anonymous_10)
FNF:11
FNH:2
FNDA:0,(anonymous_0)
FNDA:0,(anonymous_1)
FNDA:1,(anonymous_2)
FNDA:0,(anonymous_3)
FNDA:1,(anonymous_4)
FNDA:0,(anonymous_5)
FNDA:0,(anonymous_6)
FNDA:0,(anonymous_7)
FNDA:0,(anonymous_8)
FNDA:0,(anonymous_9)
FNDA:0,(anonymous_10)
DA:1,2
DA:2,2
DA:4,2
DA:11,2
DA:13,2
DA:14,0
DA:15,0
DA:18,2
DA:19,0
DA:20,0
DA:23,2
DA:25,1
DA:27,0
DA:28,0
DA:32,0
DA:35,0
DA:40,0
DA:41,0
DA:42,0
DA:44,0
DA:46,0
DA:48,0
DA:49,0
DA:51,0
DA:55,0
DA:63,1
DA:71,0
DA:73,0
DA:77,0
DA:79,0
DA:81,0
DA:83,0
DA:84,0
DA:86,0
DA:88,0
DA:89,0
DA:91,0
DA:97,0
DA:101,0
DA:105,0
DA:107,0
DA:108,0
DA:110,0
DA:111,0
DA:116,0
DA:128,0
DA:132,0
DA:133,0
DA:135,0
DA:136,0
DA:138,0
DA:139,0
DA:140,0
DA:144,0
DA:145,0
DA:147,0
DA:152,0
LF:57
LH:9
BRDA:27,0,0,0
BRDA:27,0,1,0
BRDA:71,1,0,0
BRDA:71,1,1,0
BRDA:83,2,0,0
BRDA:83,2,1,0
BRDA:107,3,0,0
BRDA:107,3,1,0
BRDA:139,4,0,0
BRDA:139,4,1,0
BRDA:144,5,0,0
BRDA:144,5,1,0
BRF:12
BRH:0
end_of_record
TN:
SF:server/routes.js
FN:7,(anonymous_0)
FNF:1
FNH:1
FNDA:1,(anonymous_0)
DA:1,2
DA:2,2
DA:3,2
DA:4,2
DA:7,2
DA:8,1
DA:11,2
DA:14,2
DA:17,2
DA:20,2
DA:23,2
DA:25,2
DA:28,2
DA:31,2
DA:34,2
DA:38,2
LF:16
LH:16
BRF:0
BRH:0
end_of_record
TN:
SF:server/server.js
FN:13,(anonymous_0)
FNF:1
FNH:1
FNDA:2,(anonymous_0)
DA:1,2
DA:3,2
DA:4,2
DA:5,2
DA:7,2
DA:9,2
DA:10,2
DA:11,2
DA:13,2
DA:14,2
DA:17,2
LF:11
LH:11
BRDA:5,0,0,2
BRDA:5,0,1,0
BRF:2
BRH:1
end_of_record
TN:
SF:server/apiHelpers/movieHelpers.js
FN:5,(anonymous_0)
FN:7,(anonymous_1)
FN:20,(anonymous_2)
FN:26,(anonymous_3)
FN:38,(anonymous_4)
FN:55,(anonymous_5)
FN:68,(anonymous_6)
FN:81,(anonymous_7)
FN:86,(anonymous_8)
FNF:9
FNH:0
FNDA:0,(anonymous_0)
FNDA:0,(anonymous_1)
FNDA:0,(anonymous_2)
FNDA:0,(anonymous_3)
FNDA:0,(anonymous_4)
FNDA:0,(anonymous_5)
FNDA:0,(anonymous_6)
FNDA:0,(anonymous_7)
FNDA:0,(anonymous_8)
DA:1,2
DA:3,2
DA:5,2
DA:6,0
DA:8,0
DA:9,0
DA:20,0
DA:22,0
DA:25,2
DA:27,0
DA:29,0
DA:30,0
DA:31,0
DA:32,0
DA:35,0
DA:39,0
DA:41,0
DA:42,0
DA:44,0
DA:49,0
DA:52,0
DA:56,0
DA:58,0
DA:59,0
DA:61,0
DA:62,0
DA:65,0
DA:69,0
DA:71,0
DA:72,0
DA:74,0
DA:75,0
DA:78,0
DA:82,0
DA:84,0
DA:85,0
DA:86,0
DA:87,0
DA:89,0
LF:39
LH:4
BRDA:8,0,0,0
BRDA:8,0,1,0
BRDA:12,1,0,0
BRDA:12,1,1,0
BRF:4
BRH:0
end_of_record
TN:
SF:test/testData/testData.js
FNF:0
FNH:0
DA:1,1
DA:21,1
DA:42,1
DA:432,1
LF:4
LH:4
BRF:0
BRH:0
end_of_record
