TN:
SF:db/connection.js
FN:4,(anonymous_0)
FN:6,main
FNF:2
FNH:1
FNDA:0,(anonymous_0)
FNDA:1,main
DA:1,1
DA:2,1
DA:4,1
DA:7,1
DA:11,1
DA:17,1
DA:19,1
DA:26,1
DA:28,1
DA:38,1
DA:40,1
DA:50,1
DA:52,1
DA:57,1
DA:59,1
LF:15
LH:15
BRF:0
BRH:0
end_of_record
TN:
SF:server/controllers.js
FN:7,(anonymous_0)
FN:11,(anonymous_1)
FN:14,(anonymous_2)
FN:17,(anonymous_3)
FN:20,(anonymous_4)
FN:23,(anonymous_5)
FNF:6
FNH:1
FNDA:1,(anonymous_0)
FNDA:0,(anonymous_1)
FNDA:0,(anonymous_2)
FNDA:0,(anonymous_3)
FNDA:0,(anonymous_4)
FNDA:0,(anonymous_5)
DA:4,1
DA:6,1
DA:8,1
DA:9,1
DA:24,0
DA:25,0
DA:26,0
LF:7
LH:4
BRF:0
BRH:0
end_of_record
TN:
SF:server/models.js
FN:9,(anonymous_0)
FN:15,(anonymous_1)
FN:25,(anonymous_2)
FN:41,(anonymous_3)
FNF:4
FNH:1
FNDA:0,(anonymous_0)
FNDA:1,(anonymous_1)
FNDA:0,(anonymous_2)
FNDA:0,(anonymous_3)
DA:1,1
DA:7,1
DA:9,1
DA:10,0
DA:11,0
DA:14,1
DA:16,1
DA:18,1
DA:19,1
DA:23,0
DA:25,0
DA:27,0
DA:28,0
DA:30,0
DA:32,0
DA:33,0
DA:35,0
DA:39,0
DA:42,0
DA:44,0
DA:45,0
DA:49,0
DA:50,0
DA:52,0
DA:54,0
DA:55,0
DA:57,0
LF:27
LH:7
BRDA:18,0,0,1
BRDA:18,0,1,0
BRDA:44,1,0,0
BRDA:44,1,1,0
BRF:4
BRH:1
end_of_record
TN:
SF:server/routes.js
FN:7,(anonymous_0)
FNF:1
FNH:1
FNDA:1,(anonymous_0)
DA:1,1
DA:2,1
DA:3,1
DA:4,1
DA:7,1
DA:8,1
DA:11,1
DA:14,1
DA:17,1
DA:20,1
DA:23,1
DA:25,1
DA:30,1
LF:13
LH:13
BRF:0
BRH:0
end_of_record
TN:
SF:server/server.js
FN:13,(anonymous_0)
FNF:1
FNH:1
FNDA:1,(anonymous_0)
DA:1,1
DA:3,1
DA:4,1
DA:5,1
DA:7,1
DA:9,1
DA:10,1
DA:11,1
DA:13,1
DA:14,1
DA:17,1
LF:11
LH:11
BRDA:5,0,0,1
BRDA:5,0,1,0
BRF:2
BRH:1
end_of_record
TN:
SF:server/apiHelpers/movieHelpers.js
FN:5,(anonymous_0)
FN:7,(anonymous_1)
FN:19,(anonymous_2)
FN:25,(anonymous_3)
FN:38,(anonymous_4)
FN:55,(anonymous_5)
FN:68,(anonymous_6)
FNF:7
FNH:4
FNDA:1,(anonymous_0)
FNDA:21,(anonymous_1)
FNDA:21,(anonymous_2)
FNDA:0,(anonymous_3)
FNDA:0,(anonymous_4)
FNDA:1,(anonymous_5)
FNDA:0,(anonymous_6)
DA:1,1
DA:3,1
DA:5,1
DA:6,1
DA:8,21
DA:9,10
DA:19,21
DA:21,1
DA:24,1
DA:26,0
DA:28,0
DA:29,0
DA:31,0
DA:32,0
DA:35,0
DA:39,0
DA:41,0
DA:42,0
DA:44,0
DA:49,0
DA:52,0
DA:56,1
DA:58,1
DA:59,1
DA:61,1
DA:62,1
DA:65,0
DA:69,0
DA:71,0
DA:72,0
DA:74,0
DA:75,0
DA:78,0
DA:83,1
LF:34
LH:15
BRDA:8,0,0,10
BRDA:8,0,1,11
BRF:2
BRH:2
end_of_record
TN:
SF:test/testData/movieTestData.js
FNF:0
FNH:0
DA:1,1
DA:457,1
LF:2
LH:2
BRF:0
BRH:0
end_of_record
